<?xml version="1.0" encoding="UTF-8"?>
<testsuite xmlns:xsi="http://www.w3.org/2001/XMLSchema-instance" xsi:noNamespaceSchemaLocation="https://maven.apache.org/surefire/maven-surefire-plugin/xsd/surefire-test-report-3.0.xsd" version="3.0" name="org.example.SegmentTest" time="0.049" tests="12" errors="0" skipped="0" failures="0">
  <properties>
[...]
</properties>
  <testcase name="symAxis" classname="org.example.SegmentTest" time="0.002"/>
  <testcase name="counterclockwise" classname="org.example.SegmentTest" time="0.004"/>
  <testcase name="length" classname="org.example.SegmentTest" time="0.001"/>
  <testcase name="testToString" classname="org.example.SegmentTest" time="0.004"/>
  <testcase name="square" classname="org.example.SegmentTest" time="0.002"/>
  <testcase name="rot" classname="org.example.SegmentTest" time="0.007"/>
  <testcase name="cross" classname="org.example.SegmentTest" time="0.002"/>
  <testcase name="shift" classname="org.example.SegmentTest" time="0.003"/>
  <testcase name="setFinish" classname="org.example.SegmentTest" time="0.003"/>
  <testcase name="getFinish" classname="org.example.SegmentTest" time="0.002"/>
  <testcase name="setStart" classname="org.example.SegmentTest" time="0.002"/>
  <testcase name="getStart" classname="org.example.SegmentTest" time="0.002"/>
</testsuite>